INFO:root:Starting LinkedIn job scrape for "Data analyst" in "US"...
INFO:root:Starting LinkedIn job scrape for "Data analyst" in "US"...
INFO:root:Scrolling to bottom of page 1...
INFO:root:Show more button not found, retrying...
INFO:root:Scraped "Data Analyst" at PepsiCo in Plano, TX...
INFO:root:Scraped "Data Analyst" at MailOnline in New York, NY...
INFO:root:Scraped "Data Analyst" at Thales in Melbourne, FL...
INFO:root:Scraped "Data Analyst" at Robert Half in San Mateo, CA...
INFO:root:Scraped "Data Analyst" at Bluehawk Consulting in Washington, United States...
INFO:root:Scraped "Data Analyst" at JCW in New York, NY...
INFO:root:Scraped "Data Analyst" at Emonics LLC in New Jersey, United States...
INFO:root:Scraped "Data Analyst (Superset)" at Get Well in Bethesda, MD...
INFO:root:Scraped "Data Analyst" at Zealthy in New York City Metropolitan Area...
INFO:root:Scraped "Data Analyst" at Tree of Wally (ω) in United States...
INFO:root:Scraped "Data Analyst" at Pelago in New York City Metropolitan Area...
INFO:root:Scraped "Data Analyst" at Synergis in Atlanta Metropolitan Area...
INFO:root:Scraped "Data Analyst - Colorado" at The Doyle Group in Denver Metropolitan Area...
INFO:root:Scraped "SQL Data Analyst" at Velocity Search Group in New York, NY...
INFO:root:Scraped "Data Analyst" at PepsiCo in Plano, TX...
INFO:root:Scraped "Data Analyst" at Collabera in United States...
INFO:root:Scraped "Data Analyst, HR Technology" at Meta in Fremont, CA...
INFO:root:Scraped "Data Analyst" at HCLTech in Culver City, CA...
INFO:root:Scraped "Analyst, Data Analytics & eDiscovery" at American Airlines in Dallas, TX...
ERROR:root:An error occurred while scraping jobs: Message: no such window: target window already closed
from unknown error: web view not found
  (Session info: chrome=122.0.6261.94)
Stacktrace:
0   chromedriver                        0x000000010291053c chromedriver + 3966268
1   chromedriver                        0x0000000102908ac8 chromedriver + 3934920
2   chromedriver                        0x000000010258bda0 chromedriver + 277920
3   chromedriver                        0x0000000102566fb0 chromedriver + 126896
4   chromedriver                        0x00000001025f3414 chromedriver + 701460
5   chromedriver                        0x0000000102606304 chromedriver + 779012
6   chromedriver                        0x00000001025c2fb0 chromedriver + 503728
7   chromedriver                        0x00000001025c3a28 chromedriver + 506408
8   chromedriver                        0x00000001028d5724 chromedriver + 3725092
9   chromedriver                        0x00000001028d9c18 chromedriver + 3742744
10  chromedriver                        0x00000001028be20c chromedriver + 3629580
11  chromedriver                        0x00000001028da714 chromedriver + 3745556
12  chromedriver                        0x00000001028b1584 chromedriver + 3577220
13  chromedriver                        0x00000001028f8f74 chromedriver + 3870580
14  chromedriver                        0x00000001028f9118 chromedriver + 3871000
15  chromedriver                        0x0000000102908738 chromedriver + 3934008
16  libsystem_pthread.dylib             0x000000018523ffa8 _pthread_start + 148
17  libsystem_pthread.dylib             0x000000018523ada0 thread_start + 8

INFO:root:Successfully scraped 19 jobs and saved to jobs.csv
